ExCAPE gene: F2
DUD-E gene: thrb

        <><><><><><><><><><><><><><><><><><><><><><><><><><><><><><>
        <>                                                        <>
        <>                        !WARNING!                       <>
        <>                                                        <>
        <>                    RCS CSD3 Facility                   <>
        <>             Unauthorised Access Prohibited             <>
        <>    Use of this system constitutes acceptance of our    <>
        <>                     policies - see                     <>
        <> http://docs.hpc.cam.ac.uk/hpc/user-guide/policies.html <>
        <>                                                        <>
        <><><><><><><><><><><><><><><><><><><><><><><><><><><><><><>

stty: standard input: Inappropriate ioctl for device
ExCAPE gene: AR
DUD-E gene: andr

        <><><><><><><><><><><><><><><><><><><><><><><><><><><><><><>
        <>                                                        <>
        <>                        !WARNING!                       <>
        <>                                                        <>
        <>                    RCS CSD3 Facility                   <>
        <>             Unauthorised Access Prohibited             <>
        <>    Use of this system constitutes acceptance of our    <>
        <>                     policies - see                     <>
        <> http://docs.hpc.cam.ac.uk/hpc/user-guide/policies.html <>
        <>                                                        <>
        <><><><><><><><><><><><><><><><><><><><><><><><><><><><><><>

stty: standard input: Inappropriate ioctl for device
ExCAPE gene: ADAM17
DUD-E gene: ada17

        <><><><><><><><><><><><><><><><><><><><><><><><><><><><><><>
        <>                                                        <>
        <>                        !WARNING!                       <>
        <>                                                        <>
        <>                    RCS CSD3 Facility                   <>
        <>             Unauthorised Access Prohibited             <>
        <>    Use of this system constitutes acceptance of our    <>
        <>                     policies - see                     <>
        <> http://docs.hpc.cam.ac.uk/hpc/user-guide/policies.html <>
        <>                                                        <>
        <><><><><><><><><><><><><><><><><><><><><><><><><><><><><><>

stty: standard input: Inappropriate ioctl for device
ExCAPE gene: BACE1
DUD-E gene: bace1

        <><><><><><><><><><><><><><><><><><><><><><><><><><><><><><>
        <>                                                        <>
        <>                        !WARNING!                       <>
        <>                                                        <>
        <>                    RCS CSD3 Facility                   <>
        <>             Unauthorised Access Prohibited             <>
        <>    Use of this system constitutes acceptance of our    <>
        <>                     policies - see                     <>
        <> http://docs.hpc.cam.ac.uk/hpc/user-guide/policies.html <>
        <>                                                        <>
        <><><><><><><><><><><><><><><><><><><><><><><><><><><><><><>

stty: standard input: Inappropriate ioctl for device
ExCAPE gene: THRB
DUD-E gene: thb

        <><><><><><><><><><><><><><><><><><><><><><><><><><><><><><>
        <>                                                        <>
        <>                        !WARNING!                       <>
        <>                                                        <>
        <>                    RCS CSD3 Facility                   <>
        <>             Unauthorised Access Prohibited             <>
        <>    Use of this system constitutes acceptance of our    <>
        <>                     policies - see                     <>
        <> http://docs.hpc.cam.ac.uk/hpc/user-guide/policies.html <>
        <>                                                        <>
        <><><><><><><><><><><><><><><><><><><><><><><><><><><><><><>

stty: standard input: Inappropriate ioctl for device
ExCAPE gene: F10
DUD-E gene: fa10

        <><><><><><><><><><><><><><><><><><><><><><><><><><><><><><>
        <>                                                        <>
        <>                        !WARNING!                       <>
        <>                                                        <>
        <>                    RCS CSD3 Facility                   <>
        <>             Unauthorised Access Prohibited             <>
        <>    Use of this system constitutes acceptance of our    <>
        <>                     policies - see                     <>
        <> http://docs.hpc.cam.ac.uk/hpc/user-guide/policies.html <>
        <>                                                        <>
        <><><><><><><><><><><><><><><><><><><><><><><><><><><><><><>

stty: standard input: Inappropriate ioctl for device
ExCAPE gene: ADRB1
DUD-E gene: adrb1

        <><><><><><><><><><><><><><><><><><><><><><><><><><><><><><>
        <>                                                        <>
        <>                        !WARNING!                       <>
        <>                                                        <>
        <>                    RCS CSD3 Facility                   <>
        <>             Unauthorised Access Prohibited             <>
        <>    Use of this system constitutes acceptance of our    <>
        <>                     policies - see                     <>
        <> http://docs.hpc.cam.ac.uk/hpc/user-guide/policies.html <>
        <>                                                        <>
        <><><><><><><><><><><><><><><><><><><><><><><><><><><><><><>

stty: standard input: Inappropriate ioctl for device
ExCAPE gene: MAPK14
DUD-E gene: mk14

        <><><><><><><><><><><><><><><><><><><><><><><><><><><><><><>
        <>                                                        <>
        <>                        !WARNING!                       <>
        <>                                                        <>
        <>                    RCS CSD3 Facility                   <>
        <>             Unauthorised Access Prohibited             <>
        <>    Use of this system constitutes acceptance of our    <>
        <>                     policies - see                     <>
        <> http://docs.hpc.cam.ac.uk/hpc/user-guide/policies.html <>
        <>                                                        <>
        <><><><><><><><><><><><><><><><><><><><><><><><><><><><><><>

stty: standard input: Inappropriate ioctl for device
ExCAPE gene: MAPK1
DUD-E gene: mk01

        <><><><><><><><><><><><><><><><><><><><><><><><><><><><><><>
        <>                                                        <>
        <>                        !WARNING!                       <>
        <>                                                        <>
        <>                    RCS CSD3 Facility                   <>
        <>             Unauthorised Access Prohibited             <>
        <>    Use of this system constitutes acceptance of our    <>
        <>                     policies - see                     <>
        <> http://docs.hpc.cam.ac.uk/hpc/user-guide/policies.html <>
        <>                                                        <>
        <><><><><><><><><><><><><><><><><><><><><><><><><><><><><><>

stty: standard input: Inappropriate ioctl for device
ExCAPE gene: CDK2
DUD-E gene: cdk2

        <><><><><><><><><><><><><><><><><><><><><><><><><><><><><><>
        <>                                                        <>
        <>                        !WARNING!                       <>
        <>                                                        <>
        <>                    RCS CSD3 Facility                   <>
        <>             Unauthorised Access Prohibited             <>
        <>    Use of this system constitutes acceptance of our    <>
        <>                     policies - see                     <>
        <> http://docs.hpc.cam.ac.uk/hpc/user-guide/policies.html <>
        <>                                                        <>
        <><><><><><><><><><><><><><><><><><><><><><><><><><><><><><>

stty: standard input: Inappropriate ioctl for device
ExCAPE gene: PTK2
DUD-E gene: fak1

        <><><><><><><><><><><><><><><><><><><><><><><><><><><><><><>
        <>                                                        <>
        <>                        !WARNING!                       <>
        <>                                                        <>
        <>                    RCS CSD3 Facility                   <>
        <>             Unauthorised Access Prohibited             <>
        <>    Use of this system constitutes acceptance of our    <>
        <>                     policies - see                     <>
        <> http://docs.hpc.cam.ac.uk/hpc/user-guide/policies.html <>
        <>                                                        <>
        <><><><><><><><><><><><><><><><><><><><><><><><><><><><><><>

stty: standard input: Inappropriate ioctl for device
ExCAPE gene: ADRB2
DUD-E gene: adrb2

        <><><><><><><><><><><><><><><><><><><><><><><><><><><><><><>
        <>                                                        <>
        <>                        !WARNING!                       <>
        <>                                                        <>
        <>                    RCS CSD3 Facility                   <>
        <>             Unauthorised Access Prohibited             <>
        <>    Use of this system constitutes acceptance of our    <>
        <>                     policies - see                     <>
        <> http://docs.hpc.cam.ac.uk/hpc/user-guide/policies.html <>
        <>                                                        <>
        <><><><><><><><><><><><><><><><><><><><><><><><><><><><><><>

stty: standard input: Inappropriate ioctl for device
ExCAPE gene: EGFR
DUD-E gene: egfr

        <><><><><><><><><><><><><><><><><><><><><><><><><><><><><><>
        <>                                                        <>
        <>                        !WARNING!                       <>
        <>                                                        <>
        <>                    RCS CSD3 Facility                   <>
        <>             Unauthorised Access Prohibited             <>
        <>    Use of this system constitutes acceptance of our    <>
        <>                     policies - see                     <>
        <> http://docs.hpc.cam.ac.uk/hpc/user-guide/policies.html <>
        <>                                                        <>
        <><><><><><><><><><><><><><><><><><><><><><><><><><><><><><>

stty: standard input: Inappropriate ioctl for device
ExCAPE gene: CA2
DUD-E gene: cah2

        <><><><><><><><><><><><><><><><><><><><><><><><><><><><><><>
        <>                                                        <>
        <>                        !WARNING!                       <>
        <>                                                        <>
        <>                    RCS CSD3 Facility                   <>
        <>             Unauthorised Access Prohibited             <>
        <>    Use of this system constitutes acceptance of our    <>
        <>                     policies - see                     <>
        <> http://docs.hpc.cam.ac.uk/hpc/user-guide/policies.html <>
        <>                                                        <>
        <><><><><><><><><><><><><><><><><><><><><><><><><><><><><><>

stty: standard input: Inappropriate ioctl for device
ExCAPE gene: PLK1
DUD-E gene: plk1

        <><><><><><><><><><><><><><><><><><><><><><><><><><><><><><>
        <>                                                        <>
        <>                        !WARNING!                       <>
        <>                                                        <>
        <>                    RCS CSD3 Facility                   <>
        <>             Unauthorised Access Prohibited             <>
        <>    Use of this system constitutes acceptance of our    <>
        <>                     policies - see                     <>
        <> http://docs.hpc.cam.ac.uk/hpc/user-guide/policies.html <>
        <>                                                        <>
        <><><><><><><><><><><><><><><><><><><><><><><><><><><><><><>

stty: standard input: Inappropriate ioctl for device
ExCAPE gene: KDR
DUD-E gene: vgfr2

        <><><><><><><><><><><><><><><><><><><><><><><><><><><><><><>
        <>                                                        <>
        <>                        !WARNING!                       <>
        <>                                                        <>
        <>                    RCS CSD3 Facility                   <>
        <>             Unauthorised Access Prohibited             <>
        <>    Use of this system constitutes acceptance of our    <>
        <>                     policies - see                     <>
        <> http://docs.hpc.cam.ac.uk/hpc/user-guide/policies.html <>
        <>                                                        <>
        <><><><><><><><><><><><><><><><><><><><><><><><><><><><><><>

stty: standard input: Inappropriate ioctl for device
ExCAPE gene: JAK2
DUD-E gene: jak2

        <><><><><><><><><><><><><><><><><><><><><><><><><><><><><><>
        <>                                                        <>
        <>                        !WARNING!                       <>
        <>                                                        <>
        <>                    RCS CSD3 Facility                   <>
        <>             Unauthorised Access Prohibited             <>
        <>    Use of this system constitutes acceptance of our    <>
        <>                     policies - see                     <>
        <> http://docs.hpc.cam.ac.uk/hpc/user-guide/policies.html <>
        <>                                                        <>
        <><><><><><><><><><><><><><><><><><><><><><><><><><><><><><>

stty: standard input: Inappropriate ioctl for device
ExCAPE gene: MMP13
DUD-E gene: mmp13

        <><><><><><><><><><><><><><><><><><><><><><><><><><><><><><>
        <>                                                        <>
        <>                        !WARNING!                       <>
        <>                                                        <>
        <>                    RCS CSD3 Facility                   <>
        <>             Unauthorised Access Prohibited             <>
        <>    Use of this system constitutes acceptance of our    <>
        <>                     policies - see                     <>
        <> http://docs.hpc.cam.ac.uk/hpc/user-guide/policies.html <>
        <>                                                        <>
        <><><><><><><><><><><><><><><><><><><><><><><><><><><><><><>

stty: standard input: Inappropriate ioctl for device
ExCAPE gene: MET
DUD-E gene: met

        <><><><><><><><><><><><><><><><><><><><><><><><><><><><><><>
        <>                                                        <>
        <>                        !WARNING!                       <>
        <>                                                        <>
        <>                    RCS CSD3 Facility                   <>
        <>             Unauthorised Access Prohibited             <>
        <>    Use of this system constitutes acceptance of our    <>
        <>                     policies - see                     <>
        <> http://docs.hpc.cam.ac.uk/hpc/user-guide/policies.html <>
        <>                                                        <>
        <><><><><><><><><><><><><><><><><><><><><><><><><><><><><><>

stty: standard input: Inappropriate ioctl for device
ExCAPE gene: AKT1
DUD-E gene: akt1

        <><><><><><><><><><><><><><><><><><><><><><><><><><><><><><>
        <>                                                        <>
        <>                        !WARNING!                       <>
        <>                                                        <>
        <>                    RCS CSD3 Facility                   <>
        <>             Unauthorised Access Prohibited             <>
        <>    Use of this system constitutes acceptance of our    <>
        <>                     policies - see                     <>
        <> http://docs.hpc.cam.ac.uk/hpc/user-guide/policies.html <>
        <>                                                        <>
        <><><><><><><><><><><><><><><><><><><><><><><><><><><><><><>

stty: standard input: Inappropriate ioctl for device
ExCAPE gene: CYP2C9
DUD-E gene: cp2c9

        <><><><><><><><><><><><><><><><><><><><><><><><><><><><><><>
        <>                                                        <>
        <>                        !WARNING!                       <>
        <>                                                        <>
        <>                    RCS CSD3 Facility                   <>
        <>             Unauthorised Access Prohibited             <>
        <>    Use of this system constitutes acceptance of our    <>
        <>                     policies - see                     <>
        <> http://docs.hpc.cam.ac.uk/hpc/user-guide/policies.html <>
        <>                                                        <>
        <><><><><><><><><><><><><><><><><><><><><><><><><><><><><><>

stty: standard input: Inappropriate ioctl for device
ExCAPE gene: AKT2
DUD-E gene: akt2

        <><><><><><><><><><><><><><><><><><><><><><><><><><><><><><>
        <>                                                        <>
        <>                        !WARNING!                       <>
        <>                                                        <>
        <>                    RCS CSD3 Facility                   <>
        <>             Unauthorised Access Prohibited             <>
        <>    Use of this system constitutes acceptance of our    <>
        <>                     policies - see                     <>
        <> http://docs.hpc.cam.ac.uk/hpc/user-guide/policies.html <>
        <>                                                        <>
        <><><><><><><><><><><><><><><><><><><><><><><><><><><><><><>

stty: standard input: Inappropriate ioctl for device
ExCAPE gene: DRD3
DUD-E gene: drd3

        <><><><><><><><><><><><><><><><><><><><><><><><><><><><><><>
        <>                                                        <>
        <>                        !WARNING!                       <>
        <>                                                        <>
        <>                    RCS CSD3 Facility                   <>
        <>             Unauthorised Access Prohibited             <>
        <>    Use of this system constitutes acceptance of our    <>
        <>                     policies - see                     <>
        <> http://docs.hpc.cam.ac.uk/hpc/user-guide/policies.html <>
        <>                                                        <>
        <><><><><><><><><><><><><><><><><><><><><><><><><><><><><><>

stty: standard input: Inappropriate ioctl for device
ExCAPE gene: DHFR
DUD-E gene: dyr

        <><><><><><><><><><><><><><><><><><><><><><><><><><><><><><>
        <>                                                        <>
        <>                        !WARNING!                       <>
        <>                                                        <>
        <>                    RCS CSD3 Facility                   <>
        <>             Unauthorised Access Prohibited             <>
        <>    Use of this system constitutes acceptance of our    <>
        <>                     policies - see                     <>
        <> http://docs.hpc.cam.ac.uk/hpc/user-guide/policies.html <>
        <>                                                        <>
        <><><><><><><><><><><><><><><><><><><><><><><><><><><><><><>

stty: standard input: Inappropriate ioctl for device
ExCAPE gene: ABL1
DUD-E gene: abl1

        <><><><><><><><><><><><><><><><><><><><><><><><><><><><><><>
        <>                                                        <>
        <>                        !WARNING!                       <>
        <>                                                        <>
        <>                    RCS CSD3 Facility                   <>
        <>             Unauthorised Access Prohibited             <>
        <>    Use of this system constitutes acceptance of our    <>
        <>                     policies - see                     <>
        <> http://docs.hpc.cam.ac.uk/hpc/user-guide/policies.html <>
        <>                                                        <>
        <><><><><><><><><><><><><><><><><><><><><><><><><><><><><><>

stty: standard input: Inappropriate ioctl for device
ExCAPE gene: ACHE
DUD-E gene: aces

        <><><><><><><><><><><><><><><><><><><><><><><><><><><><><><>
        <>                                                        <>
        <>                        !WARNING!                       <>
        <>                                                        <>
        <>                    RCS CSD3 Facility                   <>
        <>             Unauthorised Access Prohibited             <>
        <>    Use of this system constitutes acceptance of our    <>
        <>                     policies - see                     <>
        <> http://docs.hpc.cam.ac.uk/hpc/user-guide/policies.html <>
        <>                                                        <>
        <><><><><><><><><><><><><><><><><><><><><><><><><><><><><><>

stty: standard input: Inappropriate ioctl for device
ExCAPE gene: PPARA
DUD-E gene: ppara

        <><><><><><><><><><><><><><><><><><><><><><><><><><><><><><>
        <>                                                        <>
        <>                        !WARNING!                       <>
        <>                                                        <>
        <>                    RCS CSD3 Facility                   <>
        <>             Unauthorised Access Prohibited             <>
        <>    Use of this system constitutes acceptance of our    <>
        <>                     policies - see                     <>
        <> http://docs.hpc.cam.ac.uk/hpc/user-guide/policies.html <>
        <>                                                        <>
        <><><><><><><><><><><><><><><><><><><><><><><><><><><><><><>

stty: standard input: Inappropriate ioctl for device
ExCAPE gene: PPARG
DUD-E gene: pparg

        <><><><><><><><><><><><><><><><><><><><><><><><><><><><><><>
        <>                                                        <>
        <>                        !WARNING!                       <>
        <>                                                        <>
        <>                    RCS CSD3 Facility                   <>
        <>             Unauthorised Access Prohibited             <>
        <>    Use of this system constitutes acceptance of our    <>
        <>                     policies - see                     <>
        <> http://docs.hpc.cam.ac.uk/hpc/user-guide/policies.html <>
        <>                                                        <>
        <><><><><><><><><><><><><><><><><><><><><><><><><><><><><><>

stty: standard input: Inappropriate ioctl for device
ExCAPE gene: PTGS2
DUD-E gene: pgh2

        <><><><><><><><><><><><><><><><><><><><><><><><><><><><><><>
        <>                                                        <>
        <>                        !WARNING!                       <>
        <>                                                        <>
        <>                    RCS CSD3 Facility                   <>
        <>             Unauthorised Access Prohibited             <>
        <>    Use of this system constitutes acceptance of our    <>
        <>                     policies - see                     <>
        <> http://docs.hpc.cam.ac.uk/hpc/user-guide/policies.html <>
        <>                                                        <>
        <><><><><><><><><><><><><><><><><><><><><><><><><><><><><><>

stty: standard input: Inappropriate ioctl for device
ExCAPE gene: MAOB
DUD-E gene: aofb

        <><><><><><><><><><><><><><><><><><><><><><><><><><><><><><>
        <>                                                        <>
        <>                        !WARNING!                       <>
        <>                                                        <>
        <>                    RCS CSD3 Facility                   <>
        <>             Unauthorised Access Prohibited             <>
        <>    Use of this system constitutes acceptance of our    <>
        <>                     policies - see                     <>
        <> http://docs.hpc.cam.ac.uk/hpc/user-guide/policies.html <>
        <>                                                        <>
        <><><><><><><><><><><><><><><><><><><><><><><><><><><><><><>

stty: standard input: Inappropriate ioctl for device
ExCAPE gene: PPARD
DUD-E gene: ppard

        <><><><><><><><><><><><><><><><><><><><><><><><><><><><><><>
        <>                                                        <>
        <>                        !WARNING!                       <>
        <>                                                        <>
        <>                    RCS CSD3 Facility                   <>
        <>             Unauthorised Access Prohibited             <>
        <>    Use of this system constitutes acceptance of our    <>
        <>                     policies - see                     <>
        <> http://docs.hpc.cam.ac.uk/hpc/user-guide/policies.html <>
        <>                                                        <>
        <><><><><><><><><><><><><><><><><><><><><><><><><><><><><><>

stty: standard input: Inappropriate ioctl for device
ExCAPE gene: HSD11B1
DUD-E gene: dhi1

        <><><><><><><><><><><><><><><><><><><><><><><><><><><><><><>
        <>                                                        <>
        <>                        !WARNING!                       <>
        <>                                                        <>
        <>                    RCS CSD3 Facility                   <>
        <>             Unauthorised Access Prohibited             <>
        <>    Use of this system constitutes acceptance of our    <>
        <>                     policies - see                     <>
        <> http://docs.hpc.cam.ac.uk/hpc/user-guide/policies.html <>
        <>                                                        <>
        <><><><><><><><><><><><><><><><><><><><><><><><><><><><><><>

stty: standard input: Inappropriate ioctl for device
ExCAPE gene: CYP3A4
DUD-E gene: cp3a4

        <><><><><><><><><><><><><><><><><><><><><><><><><><><><><><>
        <>                                                        <>
        <>                        !WARNING!                       <>
        <>                                                        <>
        <>                    RCS CSD3 Facility                   <>
        <>             Unauthorised Access Prohibited             <>
        <>    Use of this system constitutes acceptance of our    <>
        <>                     policies - see                     <>
        <> http://docs.hpc.cam.ac.uk/hpc/user-guide/policies.html <>
        <>                                                        <>
        <><><><><><><><><><><><><><><><><><><><><><><><><><><><><><>

stty: standard input: Inappropriate ioctl for device
ExCAPE gene: PTPN1
DUD-E gene: ptn1

        <><><><><><><><><><><><><><><><><><><><><><><><><><><><><><>
        <>                                                        <>
        <>                        !WARNING!                       <>
        <>                                                        <>
        <>                    RCS CSD3 Facility                   <>
        <>             Unauthorised Access Prohibited             <>
        <>    Use of this system constitutes acceptance of our    <>
        <>                     policies - see                     <>
        <> http://docs.hpc.cam.ac.uk/hpc/user-guide/policies.html <>
        <>                                                        <>
        <><><><><><><><><><><><><><><><><><><><><><><><><><><><><><>

stty: standard input: Inappropriate ioctl for device
ExCAPE gene: GBA
DUD-E gene: glcm

        <><><><><><><><><><><><><><><><><><><><><><><><><><><><><><>
        <>                                                        <>
        <>                        !WARNING!                       <>
        <>                                                        <>
        <>                    RCS CSD3 Facility                   <>
        <>             Unauthorised Access Prohibited             <>
        <>    Use of this system constitutes acceptance of our    <>
        <>                     policies - see                     <>
        <> http://docs.hpc.cam.ac.uk/hpc/user-guide/policies.html <>
        <>                                                        <>
        <><><><><><><><><><><><><><><><><><><><><><><><><><><><><><>

stty: standard input: Inappropriate ioctl for device
ExCAPE gene: ADORA2A
DUD-E gene: aa2ar

        <><><><><><><><><><><><><><><><><><><><><><><><><><><><><><>
        <>                                                        <>
        <>                        !WARNING!                       <>
        <>                                                        <>
        <>                    RCS CSD3 Facility                   <>
        <>             Unauthorised Access Prohibited             <>
        <>    Use of this system constitutes acceptance of our    <>
        <>                     policies - see                     <>
        <> http://docs.hpc.cam.ac.uk/hpc/user-guide/policies.html <>
        <>                                                        <>
        <><><><><><><><><><><><><><><><><><><><><><><><><><><><><><>

stty: standard input: Inappropriate ioctl for device
ExCAPE gene: PGR
DUD-E gene: prgr

        <><><><><><><><><><><><><><><><><><><><><><><><><><><><><><>
        <>                                                        <>
        <>                        !WARNING!                       <>
        <>                                                        <>
        <>                    RCS CSD3 Facility                   <>
        <>             Unauthorised Access Prohibited             <>
        <>    Use of this system constitutes acceptance of our    <>
        <>                     policies - see                     <>
        <> http://docs.hpc.cam.ac.uk/hpc/user-guide/policies.html <>
        <>                                                        <>
        <><><><><><><><><><><><><><><><><><><><><><><><><><><><><><>

stty: standard input: Inappropriate ioctl for device
ExCAPE gene: ROCK1
DUD-E gene: rock1

        <><><><><><><><><><><><><><><><><><><><><><><><><><><><><><>
        <>                                                        <>
        <>                        !WARNING!                       <>
        <>                                                        <>
        <>                    RCS CSD3 Facility                   <>
        <>             Unauthorised Access Prohibited             <>
        <>    Use of this system constitutes acceptance of our    <>
        <>                     policies - see                     <>
        <> http://docs.hpc.cam.ac.uk/hpc/user-guide/policies.html <>
        <>                                                        <>
        <><><><><><><><><><><><><><><><><><><><><><><><><><><><><><>

stty: standard input: Inappropriate ioctl for device
ExCAPE gene: CASP3
DUD-E gene: casp3

        <><><><><><><><><><><><><><><><><><><><><><><><><><><><><><>
        <>                                                        <>
        <>                        !WARNING!                       <>
        <>                                                        <>
        <>                    RCS CSD3 Facility                   <>
        <>             Unauthorised Access Prohibited             <>
        <>    Use of this system constitutes acceptance of our    <>
        <>                     policies - see                     <>
        <> http://docs.hpc.cam.ac.uk/hpc/user-guide/policies.html <>
        <>                                                        <>
        <><><><><><><><><><><><><><><><><><><><><><><><><><><><><><>

stty: standard input: Inappropriate ioctl for device
ExCAPE gene: HMGCR
DUD-E gene: hmdh

        <><><><><><><><><><><><><><><><><><><><><><><><><><><><><><>
        <>                                                        <>
        <>                        !WARNING!                       <>
        <>                                                        <>
        <>                    RCS CSD3 Facility                   <>
        <>             Unauthorised Access Prohibited             <>
        <>    Use of this system constitutes acceptance of our    <>
        <>                     policies - see                     <>
        <> http://docs.hpc.cam.ac.uk/hpc/user-guide/policies.html <>
        <>                                                        <>
        <><><><><><><><><><><><><><><><><><><><><><><><><><><><><><>

stty: standard input: Inappropriate ioctl for device
ExCAPE gene: MAP2K1
DUD-E gene: mp2k1

        <><><><><><><><><><><><><><><><><><><><><><><><><><><><><><>
        <>                                                        <>
        <>                        !WARNING!                       <>
        <>                                                        <>
        <>                    RCS CSD3 Facility                   <>
        <>             Unauthorised Access Prohibited             <>
        <>    Use of this system constitutes acceptance of our    <>
        <>                     policies - see                     <>
        <> http://docs.hpc.cam.ac.uk/hpc/user-guide/policies.html <>
        <>                                                        <>
        <><><><><><><><><><><><><><><><><><><><><><><><><><><><><><>

stty: standard input: Inappropriate ioctl for device
ExCAPE gene: NOS1
DUD-E gene: nos1

        <><><><><><><><><><><><><><><><><><><><><><><><><><><><><><>
        <>                                                        <>
        <>                        !WARNING!                       <>
        <>                                                        <>
        <>                    RCS CSD3 Facility                   <>
        <>             Unauthorised Access Prohibited             <>
        <>    Use of this system constitutes acceptance of our    <>
        <>                     policies - see                     <>
        <> http://docs.hpc.cam.ac.uk/hpc/user-guide/policies.html <>
        <>                                                        <>
        <><><><><><><><><><><><><><><><><><><><><><><><><><><><><><>

stty: standard input: Inappropriate ioctl for device
ExCAPE gene: KIT
DUD-E gene: kit

        <><><><><><><><><><><><><><><><><><><><><><><><><><><><><><>
        <>                                                        <>
        <>                        !WARNING!                       <>
        <>                                                        <>
        <>                    RCS CSD3 Facility                   <>
        <>             Unauthorised Access Prohibited             <>
        <>    Use of this system constitutes acceptance of our    <>
        <>                     policies - see                     <>
        <> http://docs.hpc.cam.ac.uk/hpc/user-guide/policies.html <>
        <>                                                        <>
        <><><><><><><><><><><><><><><><><><><><><><><><><><><><><><>

stty: standard input: Inappropriate ioctl for device
ExCAPE gene: HSP90AA1
DUD-E gene: hs90a

        <><><><><><><><><><><><><><><><><><><><><><><><><><><><><><>
        <>                                                        <>
        <>                        !WARNING!                       <>
        <>                                                        <>
        <>                    RCS CSD3 Facility                   <>
        <>             Unauthorised Access Prohibited             <>
        <>    Use of this system constitutes acceptance of our    <>
        <>                     policies - see                     <>
        <> http://docs.hpc.cam.ac.uk/hpc/user-guide/policies.html <>
        <>                                                        <>
        <><><><><><><><><><><><><><><><><><><><><><><><><><><><><><>

stty: standard input: Inappropriate ioctl for device
ExCAPE gene: SRC
DUD-E gene: src

        <><><><><><><><><><><><><><><><><><><><><><><><><><><><><><>
        <>                                                        <>
        <>                        !WARNING!                       <>
        <>                                                        <>
        <>                    RCS CSD3 Facility                   <>
        <>             Unauthorised Access Prohibited             <>
        <>    Use of this system constitutes acceptance of our    <>
        <>                     policies - see                     <>
        <> http://docs.hpc.cam.ac.uk/hpc/user-guide/policies.html <>
        <>                                                        <>
        <><><><><><><><><><><><><><><><><><><><><><><><><><><><><><>

stty: standard input: Inappropriate ioctl for device
ExCAPE gene: MAPKAPK2
DUD-E gene: mapk2

        <><><><><><><><><><><><><><><><><><><><><><><><><><><><><><>
        <>                                                        <>
        <>                        !WARNING!                       <>
        <>                                                        <>
        <>                    RCS CSD3 Facility                   <>
        <>             Unauthorised Access Prohibited             <>
        <>    Use of this system constitutes acceptance of our    <>
        <>                     policies - see                     <>
        <> http://docs.hpc.cam.ac.uk/hpc/user-guide/policies.html <>
        <>                                                        <>
        <><><><><><><><><><><><><><><><><><><><><><><><><><><><><><>

stty: standard input: Inappropriate ioctl for device
ExCAPE gene: REN
DUD-E gene: reni

        <><><><><><><><><><><><><><><><><><><><><><><><><><><><><><>
        <>                                                        <>
        <>                        !WARNING!                       <>
        <>                                                        <>
        <>                    RCS CSD3 Facility                   <>
        <>             Unauthorised Access Prohibited             <>
        <>    Use of this system constitutes acceptance of our    <>
        <>                     policies - see                     <>
        <> http://docs.hpc.cam.ac.uk/hpc/user-guide/policies.html <>
        <>                                                        <>
        <><><><><><><><><><><><><><><><><><><><><><><><><><><><><><>

stty: standard input: Inappropriate ioctl for device
ExCAPE gene: IGF1R
DUD-E gene: igf1r

        <><><><><><><><><><><><><><><><><><><><><><><><><><><><><><>
        <>                                                        <>
        <>                        !WARNING!                       <>
        <>                                                        <>
        <>                    RCS CSD3 Facility                   <>
        <>             Unauthorised Access Prohibited             <>
        <>    Use of this system constitutes acceptance of our    <>
        <>                     policies - see                     <>
        <> http://docs.hpc.cam.ac.uk/hpc/user-guide/policies.html <>
        <>                                                        <>
        <><><><><><><><><><><><><><><><><><><><><><><><><><><><><><>

stty: standard input: Inappropriate ioctl for device
ExCAPE gene: CSF1R
DUD-E gene: csf1r

        <><><><><><><><><><><><><><><><><><><><><><><><><><><><><><>
        <>                                                        <>
        <>                        !WARNING!                       <>
        <>                                                        <>
        <>                    RCS CSD3 Facility                   <>
        <>             Unauthorised Access Prohibited             <>
        <>    Use of this system constitutes acceptance of our    <>
        <>                     policies - see                     <>
        <> http://docs.hpc.cam.ac.uk/hpc/user-guide/policies.html <>
        <>                                                        <>
        <><><><><><><><><><><><><><><><><><><><><><><><><><><><><><>

stty: standard input: Inappropriate ioctl for device
ExCAPE gene: FGFR1
DUD-E gene: fgfr1

        <><><><><><><><><><><><><><><><><><><><><><><><><><><><><><>
        <>                                                        <>
        <>                        !WARNING!                       <>
        <>                                                        <>
        <>                    RCS CSD3 Facility                   <>
        <>             Unauthorised Access Prohibited             <>
        <>    Use of this system constitutes acceptance of our    <>
        <>                     policies - see                     <>
        <> http://docs.hpc.cam.ac.uk/hpc/user-guide/policies.html <>
        <>                                                        <>
        <><><><><><><><><><><><><><><><><><><><><><><><><><><><><><>

stty: standard input: Inappropriate ioctl for device
ExCAPE gene: PDE5A
DUD-E gene: pde5a

        <><><><><><><><><><><><><><><><><><><><><><><><><><><><><><>
        <>                                                        <>
        <>                        !WARNING!                       <>
        <>                                                        <>
        <>                    RCS CSD3 Facility                   <>
        <>             Unauthorised Access Prohibited             <>
        <>    Use of this system constitutes acceptance of our    <>
        <>                     policies - see                     <>
        <> http://docs.hpc.cam.ac.uk/hpc/user-guide/policies.html <>
        <>                                                        <>
        <><><><><><><><><><><><><><><><><><><><><><><><><><><><><><>

stty: standard input: Inappropriate ioctl for device
ExCAPE gene: LCK
DUD-E gene: lck

        <><><><><><><><><><><><><><><><><><><><><><><><><><><><><><>
        <>                                                        <>
        <>                        !WARNING!                       <>
        <>                                                        <>
        <>                    RCS CSD3 Facility                   <>
        <>             Unauthorised Access Prohibited             <>
        <>    Use of this system constitutes acceptance of our    <>
        <>                     policies - see                     <>
        <> http://docs.hpc.cam.ac.uk/hpc/user-guide/policies.html <>
        <>                                                        <>
        <><><><><><><><><><><><><><><><><><><><><><><><><><><><><><>

stty: standard input: Inappropriate ioctl for device
ExCAPE gene: ESR2
DUD-E gene: esr2

        <><><><><><><><><><><><><><><><><><><><><><><><><><><><><><>
        <>                                                        <>
        <>                        !WARNING!                       <>
        <>                                                        <>
        <>                    RCS CSD3 Facility                   <>
        <>             Unauthorised Access Prohibited             <>
        <>    Use of this system constitutes acceptance of our    <>
        <>                     policies - see                     <>
        <> http://docs.hpc.cam.ac.uk/hpc/user-guide/policies.html <>
        <>                                                        <>
        <><><><><><><><><><><><><><><><><><><><><><><><><><><><><><>

stty: standard input: Inappropriate ioctl for device
ExCAPE gene: ESR1
DUD-E gene: esr1

        <><><><><><><><><><><><><><><><><><><><><><><><><><><><><><>
        <>                                                        <>
        <>                        !WARNING!                       <>
        <>                                                        <>
        <>                    RCS CSD3 Facility                   <>
        <>             Unauthorised Access Prohibited             <>
        <>    Use of this system constitutes acceptance of our    <>
        <>                     policies - see                     <>
        <> http://docs.hpc.cam.ac.uk/hpc/user-guide/policies.html <>
        <>                                                        <>
        <><><><><><><><><><><><><><><><><><><><><><><><><><><><><><>

stty: standard input: Inappropriate ioctl for device
ExCAPE gene: NR3C1
DUD-E gene: gcr

        <><><><><><><><><><><><><><><><><><><><><><><><><><><><><><>
        <>                                                        <>
        <>                        !WARNING!                       <>
        <>                                                        <>
        <>                    RCS CSD3 Facility                   <>
        <>             Unauthorised Access Prohibited             <>
        <>    Use of this system constitutes acceptance of our    <>
        <>                     policies - see                     <>
        <> http://docs.hpc.cam.ac.uk/hpc/user-guide/policies.html <>
        <>                                                        <>
        <><><><><><><><><><><><><><><><><><><><><><><><><><><><><><>

stty: standard input: Inappropriate ioctl for device
ExCAPE gene: DPP4
DUD-E gene: dpp4

        <><><><><><><><><><><><><><><><><><><><><><><><><><><><><><>
        <>                                                        <>
        <>                        !WARNING!                       <>
        <>                                                        <>
        <>                    RCS CSD3 Facility                   <>
        <>             Unauthorised Access Prohibited             <>
        <>    Use of this system constitutes acceptance of our    <>
        <>                     policies - see                     <>
        <> http://docs.hpc.cam.ac.uk/hpc/user-guide/policies.html <>
        <>                                                        <>
        <><><><><><><><><><><><><><><><><><><><><><><><><><><><><><>

stty: standard input: Inappropriate ioctl for device
ExCAPE gene: PARP1
DUD-E gene: parp1

        <><><><><><><><><><><><><><><><><><><><><><><><><><><><><><>
        <>                                                        <>
        <>                        !WARNING!                       <>
        <>                                                        <>
        <>                    RCS CSD3 Facility                   <>
        <>             Unauthorised Access Prohibited             <>
        <>    Use of this system constitutes acceptance of our    <>
        <>                     policies - see                     <>
        <> http://docs.hpc.cam.ac.uk/hpc/user-guide/policies.html <>
        <>                                                        <>
        <><><><><><><><><><><><><><><><><><><><><><><><><><><><><><>

stty: standard input: Inappropriate ioctl for device
